Info: *******************************************************************
Info: Running Quartus Prime Worker Version 22.1std.2 Build 922 07/20/2023 SC Lite Edition
Info: Your use of Intel Corporation's design tools, logic functions 
Info: and other software and tools, and any partner logic 
Info: functions, and any output files from any of the foregoing 
Info: (including device programming or simulation files), and any 
Info: associated documentation or information are expressly subject 
Info: to the terms and conditions of the Intel Program License 
Info: Subscription Agreement, the Intel Quartus Prime License Agreement,
Info: the Intel FPGA IP License Agreement, or other applicable license
Info: agreement, including, without limitation, that your use is for
Info: the sole purpose of programming logic devices manufactured by
Info: Intel and sold by Intel or its authorized distributors.  Please
Info: refer to the applicable agreement for further details, at
Info: https://fpgasoftware.intel.com/eula.
Info: *******************************************************************
Info: Registering self with server http://localhost:49798/api/v1.0/broker/server/
Info: Successfully registered with server.
Info: Starting compilation quartus_sh --ipc_json --flow compile main.qsf
Info: Sent timestamps successfully
Info: Preparing to compile main ...
Info: Downloading main.qar.sha256 ...
Info: Finished download.
Info: Verified dse/dse1/dse1_base\main.qar.sha256 exists.
Info: Downloading main.qar ...
Info: Finished download.
Info: Verified dse/dse1/dse1_base\main.qar exists.
Info: Download successful. Checksum matched expected value.
Info: Unarchive command: ['quartus_sh', '--restore', '-output', 'dse/dse1/dse1_base', 'dse/dse1/dse1_base\\main.qar']
Info: Downloading dse1_base.qsf ...
Info: Finished download.
Info: Verified C:\Users\thiag\Documents\GitHub\PBL---Sistemas-Digitais---Interface-de-Entrada-e-Sa-da\Verilog\dse/dse1/dse1_base\main.qsf exists.
Info: Downloading dse1_base.qpf ...
Info: Finished download.
Info: Verified dse/dse1/dse1_base\main.qpf exists.
Info: Sent timestamps successfully
Info: Sent timestamps successfully
Info: Compilation finished. 168 msgs
Info: Processing keep results option: all
Info: Sent timestamps successfully
